SF:lib/src/meteo_api_client.dart
DA:17,1
DA:18,1
DA:20,1
DA:23,1
DA:24,1
DA:25,2
DA:26,3
DA:28,2
DA:29,2
DA:30,1
DA:31,2
DA:32,2
DA:35,1
DA:39,1
DA:40,1
DA:41,1
DA:44,1
DA:45,2
DA:46,3
DA:47,2
DA:48,2
DA:49,1
DA:50,1
LF:23
LH:23
end_of_record
SF:lib/src/models/location.dart
DA:12,2
DA:18,2
DA:19,2
LF:3
LH:3
end_of_record
SF:lib/src/models/location.g.dart
DA:11,4
DA:14,2
DA:15,2
DA:16,4
DA:17,4
DA:18,6
DA:19,6
LF:7
LH:7
end_of_record
SF:lib/src/models/weather.dart
DA:11,2
DA:16,2
DA:17,2
LF:3
LH:3
end_of_record
SF:lib/src/models/weather.g.dart
DA:11,4
DA:14,2
DA:15,2
DA:17,6
DA:19,6
LF:5
LH:5
end_of_record
