SF:lib/main.dart
DA:11,0
DA:13,0
DA:17,2
DA:20,1
DA:22,1
DA:25,1
DA:26,1
DA:30,1
DA:31,1
DA:32,0
DA:33,0
DA:34,0
DA:35,0
LF:13
LH:7
end_of_record
SF:lib/Counter/cubit/counter_cubit.dart
DA:4,0
DA:5,0
DA:6,0
LF:3
LH:0
end_of_record
SF:lib/Counter/view/CounterPage.dart
DA:9,1
DA:11,0
DA:13,0
DA:14,0
LF:4
LH:1
end_of_record
SF:lib/Counter/view/CounterView.dart
DA:8,1
DA:10,0
DA:12,0
DA:13,0
DA:14,0
DA:16,0
DA:17,0
DA:18,0
DA:19,0
DA:23,0
DA:24,0
DA:25,0
DA:26,0
DA:30,0
DA:33,0
DA:34,0
DA:37,0
DA:38,0
DA:41,0
LF:19
LH:1
end_of_record
SF:lib/View/MenuPage.dart
DA:10,1
DA:12,1
DA:13,1
DA:17,1
DA:19,1
DA:20,1
DA:41,1
DA:43,1
DA:45,1
DA:46,0
DA:47,2
LF:11
LH:10
end_of_record
SF:lib/InfiniteList/bloc/post_state.dart
DA:9,1
DA:15,0
DA:17,0
DA:18,0
DA:19,0
DA:20,0
DA:24,0
DA:26,0
DA:29,0
DA:30,0
LF:10
LH:1
end_of_record
SF:lib/InfiniteList/bloc/post_event.dart
DA:4,0
DA:5,0
LF:2
LH:0
end_of_record
SF:lib/InfiniteList/bloc/post_bloc.dart
DA:14,0
DA:15,0
DA:17,0
DA:18,0
DA:25,0
DA:26,0
DA:29,0
DA:32,0
DA:34,0
DA:35,0
DA:36,0
DA:37,0
DA:38,0
DA:39,0
DA:40,0
DA:42,0
DA:43,0
DA:44,0
DA:45,0
DA:47,0
DA:49,0
DA:52,0
DA:53,0
DA:55,0
DA:56,0
DA:57,0
DA:64,0
DA:65,0
DA:67,0
DA:68,0
DA:70,0
DA:74,0
LF:32
LH:0
end_of_record
SF:lib/InfiniteList/model/post.dart
DA:7,0
DA:9,0
DA:10,0
DA:11,0
DA:12,0
DA:13,0
DA:17,0
DA:18,0
DA:19,0
DA:20,0
DA:21,0
DA:25,0
DA:26,0
LF:13
LH:0
end_of_record
SF:lib/InfiniteList/view/post_item.dart
DA:7,0
DA:9,0
DA:11,0
DA:12,0
DA:14,0
DA:15,0
DA:16,0
LF:7
LH:0
end_of_record
SF:lib/InfiniteList/view/posts_page.dart
DA:10,1
DA:12,0
DA:14,0
DA:15,0
DA:17,0
DA:18,0
DA:19,0
DA:20,0
DA:24,0
DA:26,0
LF:10
LH:1
end_of_record
SF:lib/InfiniteList/bloc/post_state.dart
DA:9,1
DA:15,0
DA:17,0
DA:18,0
DA:19,0
DA:20,0
DA:24,0
DA:26,0
DA:29,0
DA:30,0
LF:10
LH:1
end_of_record
SF:lib/InfiniteList/bloc/post_event.dart
DA:4,0
DA:5,0
LF:2
LH:0
end_of_record
SF:lib/InfiniteList/bloc/post_bloc.dart
DA:14,0
DA:15,0
DA:17,0
DA:18,0
DA:25,0
DA:26,0
DA:29,0
DA:32,0
DA:34,0
DA:35,0
DA:36,0
DA:37,0
DA:38,0
DA:39,0
DA:40,0
DA:42,0
DA:43,0
DA:44,0
DA:45,0
DA:47,0
DA:49,0
DA:52,0
DA:53,0
DA:55,0
DA:56,0
DA:57,0
DA:64,0
DA:65,0
DA:67,0
DA:68,0
DA:70,0
DA:74,0
LF:32
LH:0
end_of_record
SF:lib/InfiniteList/view/posts_view.dart
DA:9,1
DA:11,0
DA:12,0
DA:18,0
DA:19,0
DA:20,0
DA:21,0
DA:22,0
DA:25,0
DA:26,0
DA:29,0
DA:31,0
DA:32,0
DA:35,0
DA:37,0
DA:38,0
DA:39,0
DA:40,0
DA:43,0
DA:45,0
DA:46,0
DA:47,0
DA:48,0
DA:50,0
DA:51,0
DA:53,0
DA:54,0
DA:55,0
DA:57,0
DA:59,0
DA:60,0
DA:61,0
DA:62,0
DA:64,0
LF:34
LH:1
end_of_record
SF:lib/InfiniteList/view/bottom_loader.dart
DA:4,1
DA:6,0
LF:2
LH:1
end_of_record
SF:lib/Login/view/home_page.dart
DA:6,1
DA:8,0
DA:9,0
DA:12,0
DA:14,0
DA:15,0
DA:16,0
DA:18,0
DA:19,0
DA:21,0
DA:22,0
DA:24,0
DA:27,0
DA:28,0
LF:14
LH:1
end_of_record
SF:lib/Login/bloc/auth/auth_state.dart
DA:6,1
DA:9,1
DA:10,0
DA:11,0
DA:12,1
DA:13,0
DA:15,0
DA:16,0
LF:8
LH:3
end_of_record
SF:lib/Login/bloc/auth/auth_bloc.dart
DA:17,0
DA:20,0
DA:21,0
DA:22,0
DA:25,0
DA:26,0
DA:27,0
DA:31,0
DA:33,0
DA:34,0
DA:37,0
DA:38,0
DA:39,0
DA:40,0
DA:41,0
DA:42,0
DA:43,0
DA:44,0
DA:46,0
DA:47,0
DA:51,0
DA:53,0
LF:22
LH:0
end_of_record
SF:lib/Login/bloc/auth/auth_event.dart
DA:8,0
LF:1
LH:0
end_of_record
SF:lib/Login/view/login_from.dart
DA:8,1
DA:10,0
DA:13,0
DA:14,0
DA:16,0
DA:17,0
DA:18,0
DA:19,0
DA:23,0
DA:25,0
DA:27,0
DA:28,0
DA:29,0
DA:30,0
DA:39,0
DA:41,0
DA:42,0
DA:43,0
DA:44,0
DA:47,0
DA:49,0
DA:51,0
DA:55,0
DA:56,0
DA:64,0
DA:66,0
DA:67,0
DA:68,0
DA:69,0
DA:72,0
DA:74,0
DA:77,0
DA:80,0
DA:81,0
DA:89,0
DA:91,0
DA:92,0
DA:94,0
DA:95,0
DA:96,0
LF:40
LH:1
end_of_record
SF:lib/Login/bloc/login/login_event.dart
DA:5,0
DA:6,0
DA:11,0
DA:13,0
DA:14,0
DA:19,0
DA:20,0
DA:21,0
DA:25,0
LF:9
LH:0
end_of_record
SF:lib/Login/bloc/login/login_state.dart
DA:9,1
DA:15,0
DA:21,0
DA:22,0
DA:23,0
DA:24,0
DA:25,0
DA:28,0
DA:29,0
LF:9
LH:1
end_of_record
SF:lib/Login/bloc/login/login_bloc.dart
DA:14,0
DA:16,0
DA:17,0
DA:18,0
DA:19,0
DA:22,0
DA:23,0
DA:25,0
DA:26,0
DA:29,0
DA:30,0
DA:31,0
DA:32,0
DA:35,0
DA:37,0
DA:39,0
DA:40,0
DA:41,0
DA:43,0
LF:19
LH:0
end_of_record
SF:lib/Login/view/login_nav.dart
DA:10,1
DA:12,0
DA:13,0
DA:19,0
DA:21,0
DA:23,0
DA:24,0
DA:25,0
DA:26,0
DA:27,0
DA:28,0
DA:29,0
DA:30,0
DA:31,0
DA:32,0
DA:33,0
DA:34,0
DA:35,0
DA:42,0
LF:19
LH:1
end_of_record
SF:lib/Login/view/login_view.dart
DA:9,1
DA:11,0
DA:12,0
DA:15,0
DA:17,0
DA:18,0
DA:20,0
DA:21,0
DA:22,0
LF:9
LH:1
end_of_record
SF:lib/Login/view/splash_page.dart
DA:4,1
DA:5,0
DA:6,0
DA:9,0
LF:4
LH:1
end_of_record
SF:lib/Login/view/login_page.dart
DA:11,1
DA:13,0
DA:14,0
DA:21,0
DA:23,0
DA:24,0
DA:25,0
DA:28,0
DA:30,0
DA:31,0
DA:34,0
DA:36,0
DA:37,0
DA:38,0
DA:39,0
LF:15
LH:1
end_of_record
SF:lib/Login/model/password.dart
DA:8,1
DA:9,0
DA:12,0
DA:14,0
LF:4
LH:1
end_of_record
SF:lib/Login/model/username.dart
DA:9,1
DA:10,0
DA:14,0
DA:16,0
LF:4
LH:1
end_of_record
SF:lib/Timer/bloc/timer_state.dart
DA:9,1
DA:11,0
DA:12,0
DA:17,1
DA:19,0
DA:20,0
DA:24,0
DA:26,0
DA:27,0
DA:31,0
DA:33,0
DA:34,0
DA:38,1
LF:13
LH:3
end_of_record
SF:lib/Timer/bloc/timer_event.dart
DA:7,0
DA:12,0
DA:16,0
DA:20,0
DA:24,0
DA:29,0
LF:6
LH:0
end_of_record
SF:lib/Timer/bloc/timer_bloc.dart
DA:16,0
DA:19,0
DA:20,0
DA:21,0
DA:22,0
DA:23,0
DA:24,0
DA:27,0
DA:30,0
DA:31,0
DA:34,0
DA:35,0
DA:36,0
DA:38,0
DA:39,0
DA:40,0
DA:44,0
DA:45,0
DA:46,0
DA:50,0
DA:51,0
DA:52,0
DA:53,0
DA:57,0
DA:58,0
DA:59,0
DA:60,0
DA:64,0
DA:66,0
DA:67,0
LF:30
LH:0
end_of_record
SF:lib/Timer/ticker.dart
DA:4,0
DA:6,0
DA:7,0
LF:3
LH:0
end_of_record
SF:lib/Timer/view/action_buttons.dart
DA:7,1
DA:9,0
DA:11,0
DA:12,0
DA:13,0
DA:14,0
DA:16,0
DA:18,0
DA:19,0
DA:22,0
DA:23,0
DA:24,0
DA:26,0
DA:27,0
DA:30,0
DA:31,0
DA:32,0
DA:35,0
DA:36,0
DA:38,0
DA:39,0
DA:42,0
DA:43,0
DA:44,0
DA:47,0
DA:48,0
DA:50,0
DA:51,0
DA:53,0
DA:54,0
LF:30
LH:1
end_of_record
SF:lib/Timer/bloc/timer_state.dart
DA:9,1
DA:11,0
DA:12,0
DA:17,1
DA:19,0
DA:20,0
DA:24,0
DA:26,0
DA:27,0
DA:31,0
DA:33,0
DA:34,0
DA:38,1
LF:13
LH:3
end_of_record
SF:lib/Timer/bloc/timer_event.dart
DA:7,0
DA:12,0
DA:16,0
DA:20,0
DA:24,0
DA:29,0
LF:6
LH:0
end_of_record
SF:lib/Timer/bloc/timer_bloc.dart
DA:16,0
DA:19,0
DA:20,0
DA:21,0
DA:22,0
DA:23,0
DA:24,0
DA:27,0
DA:30,0
DA:31,0
DA:34,0
DA:35,0
DA:36,0
DA:38,0
DA:39,0
DA:40,0
DA:44,0
DA:45,0
DA:46,0
DA:50,0
DA:51,0
DA:52,0
DA:53,0
DA:57,0
DA:58,0
DA:59,0
DA:60,0
DA:64,0
DA:66,0
DA:67,0
LF:30
LH:0
end_of_record
SF:lib/Timer/view/background.dart
DA:4,1
DA:6,0
DA:8,0
DA:9,0
DA:10,0
DA:13,0
LF:6
LH:1
end_of_record
SF:lib/Timer/view/timer_page.dart
DA:10,1
DA:12,0
DA:14,0
DA:16,0
DA:17,0
LF:5
LH:1
end_of_record
SF:lib/Timer/view/timer_view.dart
DA:9,1
DA:11,0
DA:13,0
DA:14,0
DA:16,0
DA:17,0
DA:18,0
DA:19,0
DA:46,1
DA:48,0
DA:50,0
DA:51,0
DA:52,0
DA:53,0
DA:54,0
DA:55,0
LF:16
LH:2
end_of_record
SF:lib/bloc_observer.dart
DA:4,1
DA:6,0
DA:8,0
DA:9,0
DA:10,0
DA:14,0
DA:16,0
DA:17,0
DA:20,0
DA:22,0
DA:23,0
LF:11
LH:1
end_of_record
